2020-03-29 21:29:07,219  INFO [main] CreateAccountTest:25 - ****************************** Starting test cases execution  *****************************************
2020-03-29 21:29:17,221  INFO [main] CreateAccountTest:35 - ****************************** Creation of New Account into the Application  *****************************************
2020-03-29 21:29:32,924  INFO [main] CreateAccountTest:43 - ****************************** Logout from the Application  *****************************************
2020-03-29 21:29:34,978  INFO [main] CreateAccountTest:47 - ****************************** Closing the Browser *****************************************
2020-03-29 21:29:51,406  INFO [main] OrderProductTest:28 - ****************************** Starting test cases execution  *****************************************
2020-03-29 21:30:01,548  INFO [main] OrderProductTest:34 - ****************************** Login into the Application *****************************************
2020-03-29 21:30:13,876  INFO [main] OrderProductTest:42 - ****************************** Placing the Order into the Application *****************************************
2020-03-29 21:30:41,965  INFO [main] OrderProductTest:50 - ****************************** Logout from the Application  *****************************************
2020-03-29 21:30:44,015  INFO [main] OrderProductTest:54 - ****************************** Closing the Browser *****************************************
2020-03-29 21:41:55,583  INFO [main] LoginTest:26 - ****************************** Starting test cases execution  *****************************************
2020-03-29 21:42:05,647  INFO [main] LoginTest:35 - ****************************** Login into the Application *****************************************
2020-03-29 21:42:15,084  INFO [main] LoginTest:42 - ****************************** Logout from the Application  *****************************************
2020-03-29 21:42:17,137  INFO [main] LoginTest:46 - ****************************** Closing the Browser *****************************************
2020-03-29 21:45:05,774  INFO [main] LoginTest:26 - ****************************** Starting test cases execution  *****************************************
2020-03-29 21:45:15,953  INFO [main] LoginTest:35 - ****************************** Login into the Application *****************************************
2020-03-29 21:45:28,193  INFO [main] LoginTest:42 - ****************************** Logout from the Application  *****************************************
2020-03-29 21:47:36,280  INFO [main] LoginTest:26 - ****************************** Starting test cases execution  *****************************************
2020-03-29 21:47:46,311  INFO [main] LoginTest:35 - ****************************** Login into the Application *****************************************
2020-03-29 21:48:00,450  INFO [main] LoginTest:42 - ****************************** Logout from the Application  *****************************************
2020-03-29 21:48:03,538  INFO [main] LoginTest:46 - ****************************** Closing the Browser *****************************************
2020-03-29 21:48:38,294  INFO [main] LoginTest:26 - ****************************** Starting test cases execution  *****************************************
2020-03-29 21:48:48,401  INFO [main] LoginTest:35 - ****************************** Login into the Application *****************************************
2020-03-29 21:49:00,227  INFO [main] LoginTest:42 - ****************************** Logout from the Application  *****************************************
2020-03-29 21:49:05,169  INFO [main] LoginTest:46 - ****************************** Closing the Browser *****************************************
2020-03-29 21:49:20,212  INFO [main] LoginTest:26 - ****************************** Starting test cases execution  *****************************************
2020-03-29 21:49:30,327  INFO [main] LoginTest:35 - ****************************** Login into the Application *****************************************
2020-03-29 21:49:40,511  INFO [main] LoginTest:42 - ****************************** Logout from the Application  *****************************************
2020-03-29 21:49:41,998  INFO [main] LoginTest:46 - ****************************** Closing the Browser *****************************************
